<?xml version="1.0" encoding="UTF-8"?>
<!-- Generated by org.testng.reporters.JUnitXMLReporter -->
<testsuite ignored="0" hostname="DESKTOP-J707CE4" failures="0" tests="3" name="Login Functionality Tests" time="182.076" errors="0" timestamp="2024-12-25T22:13:39 PKT">
  <testcase classname="TestCases.CrmTest" name="loginCRM" time="109.662"/>
  <testcase classname="TestCases.CrmTest" name="testPaymentModuleNavigation" time="47.189"/>
  <testcase classname="TestCases.CrmTest" name="testProductsPageNavigation" time="18.688"/>
</testsuite> <!-- Login Functionality Tests -->
