<?xml version="1.0" encoding="UTF-8"?>
<!-- Generated by org.testng.reporters.JUnitXMLReporter -->
<testsuite ignored="0" hostname="DESKTOP-J707CE4" failures="0" tests="4" name="Default test" time="89.34" errors="0" timestamp="2024-12-27T11:50:49 PKT">
  <testcase classname="TestCases.CrmTest" name="loginCRM" time="50.157"/>
  <testcase classname="TestCases.CrmTest" name="testPaymentModuleNavigation" time="10.549"/>
  <testcase classname="TestCases.CrmTest" name="testProductsPageNavigation" time="5.427"/>
  <testcase classname="TestCases.CrmTest" name="verifyOrdersNavigation" time="14.115"/>
</testsuite> <!-- Default test -->
