<?xml version="1.0" encoding="UTF-8"?>
<testng-results ignored="0" total="6" passed="5" failed="1" skipped="0">
  <reporter-output>
  </reporter-output>
  <suite started-at="2025-01-05T21:56:57 PKT" name="TAL One Sanity Suite" finished-at="2025-01-05T22:04:39 PKT" duration-ms="462750">
    <groups>
    </groups>
    <test started-at="2025-01-05T21:56:57 PKT" name="Login Functionality Tests" finished-at="2025-01-05T22:04:39 PKT" duration-ms="462750">
      <class name="TestCases.BrmTest">
        <test-method is-config="true" signature="setup()[pri:0, instance:TestCases.BrmTest@14dd7b39]" started-at="2025-01-05T21:56:57 PKT" name="setup" finished-at="2025-01-05T21:57:29 PKT" duration-ms="32451" status="PASS">
          <reporter-output>
          </reporter-output>
        </test-method> <!-- setup -->
        <test-method signature="loginCRM()[pri:0, instance:TestCases.BrmTest@14dd7b39]" started-at="2025-01-05T21:57:29 PKT" name="loginCRM" finished-at="2025-01-05T21:58:31 PKT" duration-ms="61510" status="FAIL">
          <exception class="org.openqa.selenium.TimeoutException">
            <message>
              <![CDATA[Expected condition failed: waiting for visibility of element located by By.id: username (tried for 50 second(s) with 500 MILLISECONDS interval)]]>
            </message>
            <full-stacktrace>
              <![CDATA[org.openqa.selenium.TimeoutException: Expected condition failed: waiting for visibility of element located by By.id: username (tried for 50 second(s) with 500 MILLISECONDS interval)
at org.openqa.selenium.support.ui.WebDriverWait.timeoutException(WebDriverWait.java:82)
at org.openqa.selenium.support.ui.FluentWait.until(FluentWait.java:231)
at PageObjects.LoginPage.loginAs(LoginPage.java:71)
at TestCases.BrmTest.loginCRM(BrmTest.java:62)
at java.base/jdk.internal.reflect.DirectMethodHandleAccessor.invoke(DirectMethodHandleAccessor.java:103)
at java.base/java.lang.reflect.Method.invoke(Method.java:580)
at org.testng.internal.MethodInvocationHelper.invokeMethod(MethodInvocationHelper.java:133)
at org.testng.internal.TestInvoker.invokeMethod(TestInvoker.java:598)
at org.testng.internal.TestInvoker.invokeTestMethod(TestInvoker.java:173)
at org.testng.internal.MethodRunner.runInSequence(MethodRunner.java:46)
at org.testng.internal.TestInvoker$MethodInvocationAgent.invoke(TestInvoker.java:824)
at org.testng.internal.TestInvoker.invokeTestMethods(TestInvoker.java:146)
at org.testng.internal.TestMethodWorker.invokeTestMethods(TestMethodWorker.java:146)
at org.testng.internal.TestMethodWorker.run(TestMethodWorker.java:128)
at java.base/java.util.concurrent.ThreadPoolExecutor.runWorker(ThreadPoolExecutor.java:1144)
at java.base/java.util.concurrent.ThreadPoolExecutor$Worker.run(ThreadPoolExecutor.java:642)
at java.base/java.lang.Thread.run(Thread.java:1575)
Caused by: org.openqa.selenium.NoSuchElementException: Cannot locate an element using By.id: username
For documentation on this error, please visit: http://seleniumhq.org/exceptions/no_such_element.html
Build info: version: '3.8.0', revision: '924c4067df', time: '2017-11-30T11:20:39.408Z'
System info: host: 'DESKTOP-J707CE4', ip: '192.168.42.112', os.name: 'Windows 10', os.arch: 'amd64', os.version: '10.0', java.version: '23.0.1'
Driver info: driver.version: unknown
at org.openqa.selenium.support.ui.ExpectedConditions.lambda$findElement$0(ExpectedConditions.java:882)
at java.base/java.util.Optional.orElseThrow(Optional.java:403)
at org.openqa.selenium.support.ui.ExpectedConditions.findElement(ExpectedConditions.java:881)
at org.openqa.selenium.support.ui.ExpectedConditions.access$000(ExpectedConditions.java:43)
at org.openqa.selenium.support.ui.ExpectedConditions$7.apply(ExpectedConditions.java:205)
at org.openqa.selenium.support.ui.ExpectedConditions$7.apply(ExpectedConditions.java:201)
at org.openqa.selenium.support.ui.FluentWait.until(FluentWait.java:208)
... 15 more
]]>
            </full-stacktrace>
          </exception> <!-- org.openqa.selenium.TimeoutException -->
          <reporter-output>
          </reporter-output>
        </test-method> <!-- loginCRM -->
        <test-method is-config="true" signature="tearDown()[pri:0, instance:TestCases.BrmTest@14dd7b39]" started-at="2025-01-05T21:58:31 PKT" name="tearDown" finished-at="2025-01-05T21:58:33 PKT" duration-ms="1898" status="PASS">
          <reporter-output>
          </reporter-output>
        </test-method> <!-- tearDown -->
        <test-method is-config="true" signature="setup()[pri:0, instance:TestCases.BrmTest@14dd7b39]" started-at="2025-01-05T21:58:33 PKT" name="setup" finished-at="2025-01-05T21:59:05 PKT" duration-ms="32570" status="PASS">
          <reporter-output>
          </reporter-output>
        </test-method> <!-- setup -->
        <test-method signature="testSearchCustomerAccount()[pri:2, instance:TestCases.BrmTest@14dd7b39]" started-at="2025-01-05T21:59:05 PKT" name="testSearchCustomerAccount" description="Verify Search Customer Account functionality" finished-at="2025-01-05T21:59:34 PKT" duration-ms="28674" status="PASS">
          <reporter-output>
          </reporter-output>
        </test-method> <!-- testSearchCustomerAccount -->
        <test-method is-config="true" signature="tearDown()[pri:0, instance:TestCases.BrmTest@14dd7b39]" started-at="2025-01-05T21:59:34 PKT" name="tearDown" finished-at="2025-01-05T21:59:36 PKT" duration-ms="2087" status="PASS">
          <reporter-output>
          </reporter-output>
        </test-method> <!-- tearDown -->
        <test-method is-config="true" signature="setup()[pri:0, instance:TestCases.BrmTest@14dd7b39]" started-at="2025-01-05T21:59:36 PKT" name="setup" finished-at="2025-01-05T22:00:21 PKT" duration-ms="44651" status="PASS">
          <reporter-output>
          </reporter-output>
        </test-method> <!-- setup -->
        <test-method signature="testSearchBill()[pri:3, instance:TestCases.BrmTest@14dd7b39]" started-at="2025-01-05T22:00:21 PKT" name="testSearchBill" description="Test Search Bill functionality" finished-at="2025-01-05T22:00:25 PKT" duration-ms="3897" status="PASS">
          <reporter-output>
          </reporter-output>
        </test-method> <!-- testSearchBill -->
        <test-method is-config="true" signature="tearDown()[pri:0, instance:TestCases.BrmTest@14dd7b39]" started-at="2025-01-05T22:00:25 PKT" name="tearDown" finished-at="2025-01-05T22:00:27 PKT" duration-ms="2136" status="PASS">
          <reporter-output>
          </reporter-output>
        </test-method> <!-- tearDown -->
        <test-method is-config="true" signature="setup()[pri:0, instance:TestCases.BrmTest@14dd7b39]" started-at="2025-01-05T22:00:27 PKT" name="setup" finished-at="2025-01-05T22:00:55 PKT" duration-ms="28437" status="PASS">
          <reporter-output>
          </reporter-output>
        </test-method> <!-- setup -->
        <test-method signature="testInfraServiceConfiguration()[pri:4, instance:TestCases.BrmTest@14dd7b39]" started-at="2025-01-05T22:00:55 PKT" name="testInfraServiceConfiguration" description="Test Infra Service Configuration functionality" finished-at="2025-01-05T22:02:15 PKT" duration-ms="79975" status="PASS">
          <reporter-output>
          </reporter-output>
        </test-method> <!-- testInfraServiceConfiguration -->
        <test-method is-config="true" signature="tearDown()[pri:0, instance:TestCases.BrmTest@14dd7b39]" started-at="2025-01-05T22:02:15 PKT" name="tearDown" finished-at="2025-01-05T22:02:17 PKT" duration-ms="1934" status="PASS">
          <reporter-output>
          </reporter-output>
        </test-method> <!-- tearDown -->
        <test-method is-config="true" signature="setup()[pri:0, instance:TestCases.BrmTest@14dd7b39]" started-at="2025-01-05T22:02:17 PKT" name="setup" finished-at="2025-01-05T22:02:45 PKT" duration-ms="27519" status="PASS">
          <reporter-output>
          </reporter-output>
        </test-method> <!-- setup -->
        <test-method signature="testBulkOperation()[pri:5, instance:TestCases.BrmTest@14dd7b39]" started-at="2025-01-05T22:02:45 PKT" name="testBulkOperation" description="Test Bulk Operation functionality" finished-at="2025-01-05T22:04:05 PKT" duration-ms="79953" status="PASS">
          <reporter-output>
          </reporter-output>
        </test-method> <!-- testBulkOperation -->
        <test-method is-config="true" signature="tearDown()[pri:0, instance:TestCases.BrmTest@14dd7b39]" started-at="2025-01-05T22:04:05 PKT" name="tearDown" finished-at="2025-01-05T22:04:06 PKT" duration-ms="1938" status="PASS">
          <reporter-output>
          </reporter-output>
        </test-method> <!-- tearDown -->
        <test-method is-config="true" signature="setup()[pri:0, instance:TestCases.BrmTest@14dd7b39]" started-at="2025-01-05T22:04:06 PKT" name="setup" finished-at="2025-01-05T22:04:33 PKT" duration-ms="26836" status="PASS">
          <reporter-output>
          </reporter-output>
        </test-method> <!-- setup -->
        <test-method signature="testSearchInventory()[pri:6, instance:TestCases.BrmTest@14dd7b39]" started-at="2025-01-05T22:04:33 PKT" name="testSearchInventory" description="Test Search Inventory functionality" finished-at="2025-01-05T22:04:37 PKT" duration-ms="3964" status="PASS">
          <reporter-output>
          </reporter-output>
        </test-method> <!-- testSearchInventory -->
        <test-method is-config="true" signature="tearDown()[pri:0, instance:TestCases.BrmTest@14dd7b39]" started-at="2025-01-05T22:04:37 PKT" name="tearDown" finished-at="2025-01-05T22:04:39 PKT" duration-ms="2080" status="PASS">
          <reporter-output>
          </reporter-output>
        </test-method> <!-- tearDown -->
        <test-method is-config="true" signature="cleanUp()[pri:0, instance:TestCases.BrmTest@14dd7b39]" started-at="2025-01-05T22:04:39 PKT" name="cleanUp" finished-at="2025-01-05T22:04:39 PKT" duration-ms="1" status="PASS">
          <reporter-output>
          </reporter-output>
        </test-method> <!-- cleanUp -->
      </class> <!-- TestCases.BrmTest -->
    </test> <!-- Login Functionality Tests -->
  </suite> <!-- TAL One Sanity Suite -->
</testng-results>
