<?xml version="1.0" encoding="UTF-8"?>
<testng-results ignored="0" total="5" passed="5" failed="0" skipped="0">
  <reporter-output>
  </reporter-output>
  <suite started-at="2024-12-27T17:52:17 PKT" name="TAL One Sanity Suite" finished-at="2024-12-27T17:54:51 PKT" duration-ms="153913">
    <groups>
    </groups>
    <test started-at="2024-12-27T17:52:17 PKT" name="Login Functionality Tests" finished-at="2024-12-27T17:54:51 PKT" duration-ms="153913">
      <class name="TestCases.CrmTest">
        <test-method is-config="true" signature="setup()[pri:0, instance:TestCases.CrmTest@6f36c2f0]" started-at="2024-12-27T17:52:17 PKT" name="setup" finished-at="2024-12-27T17:52:27 PKT" duration-ms="9611" status="PASS">
          <reporter-output>
          </reporter-output>
        </test-method> <!-- setup -->
        <test-method signature="loginCRM()[pri:0, instance:TestCases.CrmTest@6f36c2f0]" started-at="2024-12-27T17:52:27 PKT" name="loginCRM" finished-at="2024-12-27T17:53:20 PKT" duration-ms="53460" status="PASS">
          <reporter-output>
          </reporter-output>
        </test-method> <!-- loginCRM -->
        <test-method signature="testPaymentModuleNavigation()[pri:2, instance:TestCases.CrmTest@6f36c2f0]" started-at="2024-12-27T17:53:21 PKT" name="testPaymentModuleNavigation" description="Wait, hover, and click Payment module" finished-at="2024-12-27T17:53:51 PKT" duration-ms="30592" status="PASS">
          <reporter-output>
          </reporter-output>
        </test-method> <!-- testPaymentModuleNavigation -->
        <test-method signature="testProductsPageNavigation()[pri:3, instance:TestCases.CrmTest@6f36c2f0]" started-at="2024-12-27T17:53:51 PKT" name="testProductsPageNavigation" description="Navigate to Products page and validate elements" finished-at="2024-12-27T17:54:05 PKT" duration-ms="13875" status="PASS">
          <reporter-output>
          </reporter-output>
        </test-method> <!-- testProductsPageNavigation -->
        <test-method signature="verifyOrdersNavigation()[pri:4, instance:TestCases.CrmTest@6f36c2f0]" started-at="2024-12-27T17:54:05 PKT" name="verifyOrdersNavigation" description="Navigate to Orders and Perform Validations" finished-at="2024-12-27T17:54:40 PKT" duration-ms="35181" status="PASS">
          <reporter-output>
          </reporter-output>
        </test-method> <!-- verifyOrdersNavigation -->
        <test-method signature="verifyInventory()[pri:5, instance:TestCases.CrmTest@6f36c2f0]" started-at="2024-12-27T17:54:40 PKT" name="verifyInventory" description="Navigate to Inventory and Perform Validations" finished-at="2024-12-27T17:54:50 PKT" duration-ms="9390" status="PASS">
          <reporter-output>
          </reporter-output>
        </test-method> <!-- verifyInventory -->
        <test-method is-config="true" signature="tearDown()[pri:0, instance:TestCases.CrmTest@6f36c2f0]" started-at="2024-12-27T17:54:50 PKT" name="tearDown" finished-at="2024-12-27T17:54:51 PKT" duration-ms="1568" status="PASS">
          <reporter-output>
          </reporter-output>
        </test-method> <!-- tearDown -->
        <test-method is-config="true" signature="cleanUp()[pri:0, instance:TestCases.CrmTest@6f36c2f0]" started-at="2024-12-27T17:54:51 PKT" name="cleanUp" finished-at="2024-12-27T17:54:51 PKT" duration-ms="1" status="PASS">
          <reporter-output>
          </reporter-output>
        </test-method> <!-- cleanUp -->
      </class> <!-- TestCases.CrmTest -->
    </test> <!-- Login Functionality Tests -->
  </suite> <!-- TAL One Sanity Suite -->
</testng-results>
