<?xml version="1.0" encoding="UTF-8"?>
<testng-results ignored="0" total="6" passed="6" failed="0" skipped="0">
  <reporter-output>
  </reporter-output>
  <suite started-at="2025-01-06T15:37:54 PKT" name="TAL One Sanity Suite" finished-at="2025-01-06T15:41:58 PKT" duration-ms="243909">
    <groups>
    </groups>
    <test started-at="2025-01-06T15:37:54 PKT" name="Login Functionality Tests" finished-at="2025-01-06T15:41:58 PKT" duration-ms="243909">
      <class name="TestCases.CrmTest">
        <test-method is-config="true" signature="setup()[pri:0, instance:TestCases.CrmTest@1224144a]" started-at="2025-01-06T15:37:54 PKT" name="setup" finished-at="2025-01-06T15:38:00 PKT" duration-ms="6084" status="PASS">
          <reporter-output>
          </reporter-output>
        </test-method> <!-- setup -->
        <test-method signature="loginCRM()[pri:0, instance:TestCases.CrmTest@1224144a]" started-at="2025-01-06T15:38:00 PKT" name="loginCRM" finished-at="2025-01-06T15:39:25 PKT" duration-ms="84450" status="PASS">
          <reporter-output>
          </reporter-output>
        </test-method> <!-- loginCRM -->
        <test-method signature="testPaymentModuleNavigation()[pri:2, instance:TestCases.CrmTest@1224144a]" started-at="2025-01-06T15:39:25 PKT" name="testPaymentModuleNavigation" description="Wait, hover, and click Payment module" finished-at="2025-01-06T15:39:57 PKT" duration-ms="32364" status="PASS">
          <reporter-output>
          </reporter-output>
        </test-method> <!-- testPaymentModuleNavigation -->
        <test-method signature="testProductsPageNavigation()[pri:3, instance:TestCases.CrmTest@1224144a]" started-at="2025-01-06T15:39:57 PKT" name="testProductsPageNavigation" description="Navigate to Products page and validate elements" finished-at="2025-01-06T15:40:13 PKT" duration-ms="16151" status="PASS">
          <reporter-output>
          </reporter-output>
        </test-method> <!-- testProductsPageNavigation -->
        <test-method signature="verifyOrdersNavigation()[pri:4, instance:TestCases.CrmTest@1224144a]" started-at="2025-01-06T15:40:14 PKT" name="verifyOrdersNavigation" description="Navigate to Orders and Perform Validations" finished-at="2025-01-06T15:41:15 PKT" duration-ms="61473" status="PASS">
          <reporter-output>
          </reporter-output>
        </test-method> <!-- verifyOrdersNavigation -->
        <test-method signature="verifyInventory()[pri:5, instance:TestCases.CrmTest@1224144a]" started-at="2025-01-06T15:41:15 PKT" name="verifyInventory" description="Navigate to Inventory and Perform Validations" finished-at="2025-01-06T15:41:32 PKT" duration-ms="16540" status="PASS">
          <reporter-output>
          </reporter-output>
        </test-method> <!-- verifyInventory -->
        <test-method signature="verifyTicketsNavigation()[pri:6, instance:TestCases.CrmTest@1224144a]" started-at="2025-01-06T15:41:32 PKT" name="verifyTicketsNavigation" description="Navigate to Tickets and Perform Validations" finished-at="2025-01-06T15:41:58 PKT" duration-ms="26091" status="PASS">
          <reporter-output>
          </reporter-output>
        </test-method> <!-- verifyTicketsNavigation -->
        <test-method is-config="true" signature="tearDown()[pri:0, instance:TestCases.CrmTest@1224144a]" started-at="2025-01-06T15:41:58 PKT" name="tearDown" finished-at="2025-01-06T15:41:58 PKT" duration-ms="548" status="PASS">
          <reporter-output>
          </reporter-output>
        </test-method> <!-- tearDown -->
        <test-method is-config="true" signature="cleanUp()[pri:0, instance:TestCases.CrmTest@1224144a]" started-at="2025-01-06T15:41:58 PKT" name="cleanUp" finished-at="2025-01-06T15:41:58 PKT" duration-ms="1" status="PASS">
          <reporter-output>
          </reporter-output>
        </test-method> <!-- cleanUp -->
      </class> <!-- TestCases.CrmTest -->
    </test> <!-- Login Functionality Tests -->
  </suite> <!-- TAL One Sanity Suite -->
</testng-results>
