<?xml version="1.0" encoding="UTF-8"?>
<testng-results ignored="0" total="6" passed="5" failed="1" skipped="0">
  <reporter-output>
  </reporter-output>
  <suite started-at="2024-12-27T20:21:13 PKT" name="TAL One Sanity Suite" finished-at="2024-12-27T20:26:37 PKT" duration-ms="323824">
    <groups>
    </groups>
    <test started-at="2024-12-27T20:21:13 PKT" name="Login Functionality Tests" finished-at="2024-12-27T20:26:37 PKT" duration-ms="323824">
      <class name="TestCases.CrmTest">
        <test-method is-config="true" signature="setup()[pri:0, instance:TestCases.CrmTest@f58853c]" started-at="2024-12-27T20:21:13 PKT" name="setup" finished-at="2024-12-27T20:21:23 PKT" duration-ms="9822" status="PASS">
          <reporter-output>
          </reporter-output>
        </test-method> <!-- setup -->
        <test-method signature="loginCRM()[pri:0, instance:TestCases.CrmTest@f58853c]" started-at="2024-12-27T20:21:23 PKT" name="loginCRM" finished-at="2024-12-27T20:22:30 PKT" duration-ms="67148" status="PASS">
          <reporter-output>
          </reporter-output>
        </test-method> <!-- loginCRM -->
        <test-method signature="testPaymentModuleNavigation()[pri:2, instance:TestCases.CrmTest@f58853c]" started-at="2024-12-27T20:22:30 PKT" name="testPaymentModuleNavigation" description="Wait, hover, and click Payment module" finished-at="2024-12-27T20:24:53 PKT" duration-ms="143198" status="FAIL">
          <exception class="org.openqa.selenium.TimeoutException">
            <message>
              <![CDATA[Expected condition failed: waiting for visibility of element located by By.xpath: //div[@id='PAYMENT_modules_dropdownMenu']//div[@class='menu-items-wrapper app-menu-items-wrapper'] (tried for 100 second(s) with 500 MILLISECONDS interval)
Build info: version: '3.8.0', revision: '924c4067df', time: '2017-11-30T11:20:39.408Z'
System info: host: 'DESKTOP-J707CE4', ip: '192.168.42.112', os.name: 'Windows 10', os.arch: 'amd64', os.version: '10.0', java.version: '23.0.1'
Driver info: org.openqa.selenium.firefox.FirefoxDriver
Capabilities {acceptInsecureCerts: true, browserName: firefox, browserVersion: 133.0.3, javascriptEnabled: true, moz:accessibilityChecks: false, moz:buildID: 20241209150345, moz:geckodriverVersion: 0.35.0, moz:headless: false, moz:platformVersion: 10.0, moz:processID: 5680, moz:profile: C:\Users\HP\AppData\Local\T..., moz:shutdownTimeout: 60000, moz:webdriverClick: true, moz:windowless: false, pageLoadStrategy: normal, platform: WINDOWS, platformName: WINDOWS, proxy: Proxy(), setWindowRect: true, strictFileInteractability: false, timeouts: {implicit: 0, pageLoad: 300000, script: 30000}, unhandledPromptBehavior: dismiss and notify, userAgent: Mozilla/5.0 (Windows NT 10....}
Session ID: 2288184b-8ce8-45b8-89ee-e4005bddaebe]]>
            </message>
            <full-stacktrace>
              <![CDATA[org.openqa.selenium.TimeoutException: Expected condition failed: waiting for visibility of element located by By.xpath: //div[@id='PAYMENT_modules_dropdownMenu']//div[@class='menu-items-wrapper app-menu-items-wrapper'] (tried for 100 second(s) with 500 MILLISECONDS interval)
Build info: version: '3.8.0', revision: '924c4067df', time: '2017-11-30T11:20:39.408Z'
System info: host: 'DESKTOP-J707CE4', ip: '192.168.42.112', os.name: 'Windows 10', os.arch: 'amd64', os.version: '10.0', java.version: '23.0.1'
Driver info: org.openqa.selenium.firefox.FirefoxDriver
Capabilities {acceptInsecureCerts: true, browserName: firefox, browserVersion: 133.0.3, javascriptEnabled: true, moz:accessibilityChecks: false, moz:buildID: 20241209150345, moz:geckodriverVersion: 0.35.0, moz:headless: false, moz:platformVersion: 10.0, moz:processID: 5680, moz:profile: C:\Users\HP\AppData\Local\T..., moz:shutdownTimeout: 60000, moz:webdriverClick: true, moz:windowless: false, pageLoadStrategy: normal, platform: WINDOWS, platformName: WINDOWS, proxy: Proxy(), setWindowRect: true, strictFileInteractability: false, timeouts: {implicit: 0, pageLoad: 300000, script: 30000}, unhandledPromptBehavior: dismiss and notify, userAgent: Mozilla/5.0 (Windows NT 10....}
Session ID: 2288184b-8ce8-45b8-89ee-e4005bddaebe
at org.openqa.selenium.support.ui.WebDriverWait.timeoutException(WebDriverWait.java:82)
at org.openqa.selenium.support.ui.FluentWait.until(FluentWait.java:231)
at PageObjects.LandingPage.hoverOverPaymentModuleDropdown(LandingPage.java:40)
at TestCases.CrmTest.testPaymentModuleNavigation(CrmTest.java:85)
at java.base/jdk.internal.reflect.DirectMethodHandleAccessor.invoke(DirectMethodHandleAccessor.java:103)
at java.base/java.lang.reflect.Method.invoke(Method.java:580)
at org.testng.internal.MethodInvocationHelper.invokeMethod(MethodInvocationHelper.java:133)
at org.testng.internal.TestInvoker.invokeMethod(TestInvoker.java:598)
at org.testng.internal.TestInvoker.invokeTestMethod(TestInvoker.java:173)
at org.testng.internal.MethodRunner.runInSequence(MethodRunner.java:46)
at org.testng.internal.TestInvoker$MethodInvocationAgent.invoke(TestInvoker.java:824)
at org.testng.internal.TestInvoker.invokeTestMethods(TestInvoker.java:146)
at org.testng.internal.TestMethodWorker.invokeTestMethods(TestMethodWorker.java:146)
at org.testng.internal.TestMethodWorker.run(TestMethodWorker.java:128)
at java.base/java.util.ArrayList.forEach(ArrayList.java:1597)
at org.testng.TestRunner.privateRun(TestRunner.java:794)
at org.testng.TestRunner.run(TestRunner.java:596)
at org.testng.SuiteRunner.runTest(SuiteRunner.java:377)
at org.testng.SuiteRunner.access$000(SuiteRunner.java:28)
at org.testng.SuiteRunner$SuiteWorker.run(SuiteRunner.java:418)
at org.testng.internal.thread.ThreadUtil.lambda$execute$0(ThreadUtil.java:64)
at java.base/java.util.concurrent.FutureTask.run(FutureTask.java:317)
at java.base/java.util.concurrent.ThreadPoolExecutor.runWorker(ThreadPoolExecutor.java:1144)
at java.base/java.util.concurrent.ThreadPoolExecutor$Worker.run(ThreadPoolExecutor.java:642)
at java.base/java.lang.Thread.run(Thread.java:1575)
]]>
            </full-stacktrace>
          </exception> <!-- org.openqa.selenium.TimeoutException -->
          <reporter-output>
          </reporter-output>
        </test-method> <!-- testPaymentModuleNavigation -->
        <test-method signature="testProductsPageNavigation()[pri:3, instance:TestCases.CrmTest@f58853c]" started-at="2024-12-27T20:24:53 PKT" name="testProductsPageNavigation" description="Navigate to Products page and validate elements" finished-at="2024-12-27T20:25:19 PKT" duration-ms="25607" status="PASS">
          <reporter-output>
          </reporter-output>
        </test-method> <!-- testProductsPageNavigation -->
        <test-method signature="verifyOrdersNavigation()[pri:4, instance:TestCases.CrmTest@f58853c]" started-at="2024-12-27T20:25:19 PKT" name="verifyOrdersNavigation" description="Navigate to Orders and Perform Validations" finished-at="2024-12-27T20:26:00 PKT" duration-ms="40852" status="PASS">
          <reporter-output>
          </reporter-output>
        </test-method> <!-- verifyOrdersNavigation -->
        <test-method signature="verifyInventory()[pri:5, instance:TestCases.CrmTest@f58853c]" started-at="2024-12-27T20:26:00 PKT" name="verifyInventory" description="Navigate to Inventory and Perform Validations" finished-at="2024-12-27T20:26:10 PKT" duration-ms="10702" status="PASS">
          <reporter-output>
          </reporter-output>
        </test-method> <!-- verifyInventory -->
        <test-method signature="verifyTicketsNavigation()[pri:6, instance:TestCases.CrmTest@f58853c]" started-at="2024-12-27T20:26:10 PKT" name="verifyTicketsNavigation" description="Navigate to Tickets and Perform Validations" finished-at="2024-12-27T20:26:36 PKT" duration-ms="25977" status="PASS">
          <reporter-output>
          </reporter-output>
        </test-method> <!-- verifyTicketsNavigation -->
        <test-method is-config="true" signature="tearDown()[pri:0, instance:TestCases.CrmTest@f58853c]" started-at="2024-12-27T20:26:36 PKT" name="tearDown" finished-at="2024-12-27T20:26:37 PKT" duration-ms="408" status="PASS">
          <reporter-output>
          </reporter-output>
        </test-method> <!-- tearDown -->
        <test-method is-config="true" signature="cleanUp()[pri:0, instance:TestCases.CrmTest@f58853c]" started-at="2024-12-27T20:26:37 PKT" name="cleanUp" finished-at="2024-12-27T20:26:37 PKT" duration-ms="1" status="PASS">
          <reporter-output>
          </reporter-output>
        </test-method> <!-- cleanUp -->
      </class> <!-- TestCases.CrmTest -->
    </test> <!-- Login Functionality Tests -->
  </suite> <!-- TAL One Sanity Suite -->
</testng-results>
