<?xml version="1.0" encoding="UTF-8"?>
<!-- Generated by org.testng.reporters.JUnitXMLReporter -->
<testsuite ignored="0" hostname="DESKTOP-J707CE4" failures="0" tests="6" name="Login Functionality Tests" time="243.909" errors="0" timestamp="2025-01-06T15:41:58 PKT">
  <testcase classname="TestCases.CrmTest" name="loginCRM" time="84.45"/>
  <testcase classname="TestCases.CrmTest" name="testPaymentModuleNavigation" time="32.364"/>
  <testcase classname="TestCases.CrmTest" name="testProductsPageNavigation" time="16.151"/>
  <testcase classname="TestCases.CrmTest" name="verifyOrdersNavigation" time="61.473"/>
  <testcase classname="TestCases.CrmTest" name="verifyInventory" time="16.54"/>
  <testcase classname="TestCases.CrmTest" name="verifyTicketsNavigation" time="26.091"/>
</testsuite> <!-- Login Functionality Tests -->
