<?xml version="1.0" encoding="UTF-8"?>
<!-- Generated by org.testng.reporters.JUnitXMLReporter -->
<testsuite ignored="0" hostname="DESKTOP-J707CE4" failures="0" tests="5" name="Login Functionality Tests" time="153.913" errors="0" timestamp="2024-12-27T17:54:51 PKT">
  <testcase classname="TestCases.CrmTest" name="loginCRM" time="53.46"/>
  <testcase classname="TestCases.CrmTest" name="testPaymentModuleNavigation" time="30.592"/>
  <testcase classname="TestCases.CrmTest" name="testProductsPageNavigation" time="13.875"/>
  <testcase classname="TestCases.CrmTest" name="verifyOrdersNavigation" time="35.181"/>
  <testcase classname="TestCases.CrmTest" name="verifyInventory" time="9.39"/>
</testsuite> <!-- Login Functionality Tests -->
