<?xml version="1.0" encoding="UTF-8"?>
<!-- Generated by org.testng.reporters.JUnitXMLReporter -->
<testsuite ignored="0" hostname="DESKTOP-J707CE4" failures="1" tests="6" name="Login Functionality Tests" time="462.75" errors="0" timestamp="2025-01-05T22:04:39 PKT">
  <testcase classname="TestCases.BrmTest" name="loginCRM" time="61.51">
    <failure type="org.openqa.selenium.TimeoutException" message="Expected condition failed: waiting for visibility of element located by By.id: username (tried for 50 second(s) with 500 MILLISECONDS interval)">
      <![CDATA[org.openqa.selenium.TimeoutException: Expected condition failed: waiting for visibility of element located by By.id: username (tried for 50 second(s) with 500 MILLISECONDS interval)
at org.openqa.selenium.support.ui.WebDriverWait.timeoutException(WebDriverWait.java:82)
at org.openqa.selenium.support.ui.FluentWait.until(FluentWait.java:231)
at PageObjects.LoginPage.loginAs(LoginPage.java:71)
at TestCases.BrmTest.loginCRM(BrmTest.java:62)
at java.base/java.util.concurrent.ThreadPoolExecutor.runWorker(ThreadPoolExecutor.java:1144)
at java.base/java.util.concurrent.ThreadPoolExecutor$Worker.run(ThreadPoolExecutor.java:642)
at java.base/java.lang.Thread.run(Thread.java:1575)
Caused by: org.openqa.selenium.NoSuchElementException: Cannot locate an element using By.id: username
For documentation on this error, please visit: http://seleniumhq.org/exceptions/no_such_element.html
Build info: version: '3.8.0', revision: '924c4067df', time: '2017-11-30T11:20:39.408Z'
System info: host: 'DESKTOP-J707CE4', ip: '192.168.42.112', os.name: 'Windows 10', os.arch: 'amd64', os.version: '10.0', java.version: '23.0.1'
Driver info: driver.version: unknown
at org.openqa.selenium.support.ui.ExpectedConditions.lambda$findElement$0(ExpectedConditions.java:882)
at java.base/java.util.Optional.orElseThrow(Optional.java:403)
at org.openqa.selenium.support.ui.ExpectedConditions.findElement(ExpectedConditions.java:881)
at org.openqa.selenium.support.ui.ExpectedConditions.access$000(ExpectedConditions.java:43)
at org.openqa.selenium.support.ui.ExpectedConditions$7.apply(ExpectedConditions.java:205)
at org.openqa.selenium.support.ui.ExpectedConditions$7.apply(ExpectedConditions.java:201)
at org.openqa.selenium.support.ui.FluentWait.until(FluentWait.java:208)
... 15 more
... Removed 10 stack frames]]>
    </failure>
  </testcase> <!-- loginCRM -->
  <testcase classname="TestCases.BrmTest" name="testSearchCustomerAccount" time="28.674"/>
  <testcase classname="TestCases.BrmTest" name="testSearchBill" time="3.897"/>
  <testcase classname="TestCases.BrmTest" name="testInfraServiceConfiguration" time="79.975"/>
  <testcase classname="TestCases.BrmTest" name="testBulkOperation" time="79.953"/>
  <testcase classname="TestCases.BrmTest" name="testSearchInventory" time="3.964"/>
</testsuite> <!-- Login Functionality Tests -->
