<?xml version="1.0" encoding="UTF-8"?>
<!-- Generated by org.testng.reporters.JUnitXMLReporter -->
<testsuite ignored="0" hostname="DESKTOP-J707CE4" failures="0" tests="6" name="Login Functionality Tests" time="195.997" errors="0" timestamp="2024-12-27T19:38:30 PKT">
  <testcase classname="TestCases.CrmTest" name="loginCRM" time="60.816"/>
  <testcase classname="TestCases.CrmTest" name="testPaymentModuleNavigation" time="28.064"/>
  <testcase classname="TestCases.CrmTest" name="testProductsPageNavigation" time="15.121"/>
  <testcase classname="TestCases.CrmTest" name="verifyOrdersNavigation" time="48.136"/>
  <testcase classname="TestCases.CrmTest" name="verifyInventory" time="16.062"/>
  <testcase classname="TestCases.CrmTest" name="verifyTicketsNavigation" time="21.221"/>
</testsuite> <!-- Login Functionality Tests -->
