<?xml version="1.0" encoding="UTF-8"?>
<!-- Generated by org.testng.reporters.JUnitReportReporter -->
<testsuite hostname="DESKTOP-J707CE4" failures="0" tests="3" name="TestCases.CrmTest" time="175.539" errors="0" timestamp="2024-12-25T22:13:39 PKT" skipped="0">
  <testcase classname="TestCases.CrmTest" name="loginCRM" time="109.662"/>
  <system-out/>
  <testcase classname="TestCases.CrmTest" name="testPaymentModuleNavigation" time="47.189"/>
  <system-out/>
  <testcase classname="TestCases.CrmTest" name="testProductsPageNavigation" time="18.688"/>
  <system-out/>
</testsuite> <!-- TestCases.CrmTest -->
