<?xml version="1.0" encoding="UTF-8"?>
<!-- Generated by org.testng.reporters.JUnitReportReporter -->
<testsuite hostname="DESKTOP-J707CE4" failures="0" tests="6" name="TestCases.CrmTest" time="80.155" errors="0" timestamp="2024-12-31T14:34:39 PKT" skipped="0">
  <testcase classname="TestCases.CrmTest" name="loginCRM" time="33.398"/>
  <system-out/>
  <testcase classname="TestCases.CrmTest" name="testPaymentModuleNavigation" time="12.175"/>
  <system-out/>
  <testcase classname="TestCases.CrmTest" name="testProductsPageNavigation" time="8.605"/>
  <system-out/>
  <testcase classname="TestCases.CrmTest" name="verifyOrdersNavigation" time="13.853"/>
  <system-out/>
  <testcase classname="TestCases.CrmTest" name="verifyInventory" time="5.115"/>
  <system-out/>
  <testcase classname="TestCases.CrmTest" name="verifyTicketsNavigation" time="7.009"/>
  <system-out/>
</testsuite> <!-- TestCases.CrmTest -->
