<?xml version="1.0" encoding="UTF-8"?>
<!-- Generated by org.testng.reporters.JUnitReportReporter -->
<testsuite hostname="DESKTOP-J707CE4" failures="0" tests="2" name="TestCases.CrmLogin" time="51.661" errors="0" timestamp="2024-12-24T17:02:40 PKT" skipped="0">
  <testcase classname="TestCases.CrmLogin" name="loginCRM" time="44.245"/>
  <system-out/>
  <testcase classname="TestCases.CrmLogin" name="testPaymentModuleNavigation" time="7.416"/>
  <system-out/>
</testsuite> <!-- TestCases.CrmLogin -->
