<?xml version="1.0" encoding="UTF-8"?>
<!-- Generated by org.testng.reporters.JUnitReportReporter -->
<testsuite hostname="DESKTOP-J707CE4" failures="0" tests="6" name="TestCases.CrmTest" time="189.420" errors="0" timestamp="2024-12-27T19:38:30 PKT" skipped="0">
  <testcase classname="TestCases.CrmTest" name="loginCRM" time="60.816"/>
  <system-out/>
  <testcase classname="TestCases.CrmTest" name="testPaymentModuleNavigation" time="28.064"/>
  <system-out/>
  <testcase classname="TestCases.CrmTest" name="testProductsPageNavigation" time="15.121"/>
  <system-out/>
  <testcase classname="TestCases.CrmTest" name="verifyOrdersNavigation" time="48.136"/>
  <system-out/>
  <testcase classname="TestCases.CrmTest" name="verifyInventory" time="16.062"/>
  <system-out/>
  <testcase classname="TestCases.CrmTest" name="verifyTicketsNavigation" time="21.221"/>
  <system-out/>
</testsuite> <!-- TestCases.CrmTest -->
