<?xml version="1.0" encoding="UTF-8"?>
<!-- Generated by org.testng.reporters.JUnitReportReporter -->
<testsuite hostname="DESKTOP-J707CE4" failures="0" tests="6" name="TestCases.CrmTest" time="237.069" errors="0" timestamp="2025-01-06T15:41:58 PKT" skipped="0">
  <testcase classname="TestCases.CrmTest" name="loginCRM" time="84.450"/>
  <system-out/>
  <testcase classname="TestCases.CrmTest" name="testPaymentModuleNavigation" time="32.364"/>
  <system-out/>
  <testcase classname="TestCases.CrmTest" name="testProductsPageNavigation" time="16.151"/>
  <system-out/>
  <testcase classname="TestCases.CrmTest" name="verifyOrdersNavigation" time="61.473"/>
  <system-out/>
  <testcase classname="TestCases.CrmTest" name="verifyInventory" time="16.540"/>
  <system-out/>
  <testcase classname="TestCases.CrmTest" name="verifyTicketsNavigation" time="26.091"/>
  <system-out/>
</testsuite> <!-- TestCases.CrmTest -->
