<?xml version="1.0" encoding="UTF-8"?>
<!-- Generated by org.testng.reporters.JUnitReportReporter -->
<testsuite hostname="DESKTOP-J707CE4" failures="0" tests="5" name="TestCases.CrmTest" time="142.498" errors="0" timestamp="2024-12-27T17:54:51 PKT" skipped="0">
  <testcase classname="TestCases.CrmTest" name="loginCRM" time="53.460"/>
  <system-out/>
  <testcase classname="TestCases.CrmTest" name="testPaymentModuleNavigation" time="30.592"/>
  <system-out/>
  <testcase classname="TestCases.CrmTest" name="testProductsPageNavigation" time="13.875"/>
  <system-out/>
  <testcase classname="TestCases.CrmTest" name="verifyOrdersNavigation" time="35.181"/>
  <system-out/>
  <testcase classname="TestCases.CrmTest" name="verifyInventory" time="9.390"/>
  <system-out/>
</testsuite> <!-- TestCases.CrmTest -->
